
*** Running vivado
    with args -log design_CPU_System_xbar_0.vds -m64 -product Vivado -mode batch -messageDb vivado.pb -notrace -source design_CPU_System_xbar_0.tcl


****** Vivado v2016.4 (64-bit)
  **** SW Build 1733598 on Wed Dec 14 22:35:39 MST 2016
  **** IP Build 1731160 on Wed Dec 14 23:47:21 MST 2016
    ** Copyright 1986-2016 Xilinx, Inc. All Rights Reserved.

source design_CPU_System_xbar_0.tcl -notrace
Starting RTL Elaboration : Time (s): cpu = 00:00:14 ; elapsed = 00:00:18 . Memory (MB): peak = 315.090 ; gain = 104.809
INFO: [Synth 8-638] synthesizing module 'design_CPU_System_xbar_0' [d:/Vivado/digital_circuits/Mini_System/Mini_System.srcs/sources_1/bd/design_CPU_System/ip/design_CPU_System_xbar_0/synth/design_CPU_System_xbar_0.v:60]
INFO: [Synth 8-638] synthesizing module 'axi_crossbar_v2_1_12_axi_crossbar' [d:/Vivado/digital_circuits/Mini_System/Mini_System.srcs/sources_1/bd/design_CPU_System/ipshared/896d/hdl/axi_crossbar_v2_1_vl_rfs.v:4882]
INFO: [Synth 8-638] synthesizing module 'axi_crossbar_v2_1_12_crossbar_sasd' [d:/Vivado/digital_circuits/Mini_System/Mini_System.srcs/sources_1/bd/design_CPU_System/ipshared/896d/hdl/axi_crossbar_v2_1_vl_rfs.v:1240]
INFO: [Synth 8-638] synthesizing module 'axi_crossbar_v2_1_12_addr_decoder' [d:/Vivado/digital_circuits/Mini_System/Mini_System.srcs/sources_1/bd/design_CPU_System/ipshared/896d/hdl/axi_crossbar_v2_1_vl_rfs.v:794]
INFO: [Synth 8-638] synthesizing module 'generic_baseblocks_v2_1_0_comparator_static' [d:/Vivado/digital_circuits/Mini_System/Mini_System.srcs/sources_1/bd/design_CPU_System/ipshared/7ee0/hdl/generic_baseblocks_v2_1_vl_rfs.v:2133]
INFO: [Synth 8-638] synthesizing module 'generic_baseblocks_v2_1_0_carry_and' [d:/Vivado/digital_circuits/Mini_System/Mini_System.srcs/sources_1/bd/design_CPU_System/ipshared/7ee0/hdl/generic_baseblocks_v2_1_vl_rfs.v:62]
INFO: [Synth 8-256] done synthesizing module 'generic_baseblocks_v2_1_0_carry_and' (1#1) [d:/Vivado/digital_circuits/Mini_System/Mini_System.srcs/sources_1/bd/design_CPU_System/ipshared/7ee0/hdl/generic_baseblocks_v2_1_vl_rfs.v:62]
INFO: [Synth 8-256] done synthesizing module 'generic_baseblocks_v2_1_0_comparator_static' (2#1) [d:/Vivado/digital_circuits/Mini_System/Mini_System.srcs/sources_1/bd/design_CPU_System/ipshared/7ee0/hdl/generic_baseblocks_v2_1_vl_rfs.v:2133]
INFO: [Synth 8-638] synthesizing module 'generic_baseblocks_v2_1_0_comparator_static__parameterized0' [d:/Vivado/digital_circuits/Mini_System/Mini_System.srcs/sources_1/bd/design_CPU_System/ipshared/7ee0/hdl/generic_baseblocks_v2_1_vl_rfs.v:2133]
INFO: [Synth 8-256] done synthesizing module 'generic_baseblocks_v2_1_0_comparator_static__parameterized0' (2#1) [d:/Vivado/digital_circuits/Mini_System/Mini_System.srcs/sources_1/bd/design_CPU_System/ipshared/7ee0/hdl/generic_baseblocks_v2_1_vl_rfs.v:2133]
INFO: [Synth 8-638] synthesizing module 'generic_baseblocks_v2_1_0_comparator_static__parameterized1' [d:/Vivado/digital_circuits/Mini_System/Mini_System.srcs/sources_1/bd/design_CPU_System/ipshared/7ee0/hdl/generic_baseblocks_v2_1_vl_rfs.v:2133]
INFO: [Synth 8-256] done synthesizing module 'generic_baseblocks_v2_1_0_comparator_static__parameterized1' (2#1) [d:/Vivado/digital_circuits/Mini_System/Mini_System.srcs/sources_1/bd/design_CPU_System/ipshared/7ee0/hdl/generic_baseblocks_v2_1_vl_rfs.v:2133]
INFO: [Synth 8-638] synthesizing module 'generic_baseblocks_v2_1_0_comparator_static__parameterized2' [d:/Vivado/digital_circuits/Mini_System/Mini_System.srcs/sources_1/bd/design_CPU_System/ipshared/7ee0/hdl/generic_baseblocks_v2_1_vl_rfs.v:2133]
INFO: [Synth 8-256] done synthesizing module 'generic_baseblocks_v2_1_0_comparator_static__parameterized2' (2#1) [d:/Vivado/digital_circuits/Mini_System/Mini_System.srcs/sources_1/bd/design_CPU_System/ipshared/7ee0/hdl/generic_baseblocks_v2_1_vl_rfs.v:2133]
INFO: [Synth 8-638] synthesizing module 'generic_baseblocks_v2_1_0_comparator_static__parameterized3' [d:/Vivado/digital_circuits/Mini_System/Mini_System.srcs/sources_1/bd/design_CPU_System/ipshared/7ee0/hdl/generic_baseblocks_v2_1_vl_rfs.v:2133]
INFO: [Synth 8-256] done synthesizing module 'generic_baseblocks_v2_1_0_comparator_static__parameterized3' (2#1) [d:/Vivado/digital_circuits/Mini_System/Mini_System.srcs/sources_1/bd/design_CPU_System/ipshared/7ee0/hdl/generic_baseblocks_v2_1_vl_rfs.v:2133]
INFO: [Synth 8-638] synthesizing module 'generic_baseblocks_v2_1_0_comparator_static__parameterized4' [d:/Vivado/digital_circuits/Mini_System/Mini_System.srcs/sources_1/bd/design_CPU_System/ipshared/7ee0/hdl/generic_baseblocks_v2_1_vl_rfs.v:2133]
INFO: [Synth 8-256] done synthesizing module 'generic_baseblocks_v2_1_0_comparator_static__parameterized4' (2#1) [d:/Vivado/digital_circuits/Mini_System/Mini_System.srcs/sources_1/bd/design_CPU_System/ipshared/7ee0/hdl/generic_baseblocks_v2_1_vl_rfs.v:2133]
INFO: [Synth 8-638] synthesizing module 'generic_baseblocks_v2_1_0_comparator_static__parameterized5' [d:/Vivado/digital_circuits/Mini_System/Mini_System.srcs/sources_1/bd/design_CPU_System/ipshared/7ee0/hdl/generic_baseblocks_v2_1_vl_rfs.v:2133]
INFO: [Synth 8-256] done synthesizing module 'generic_baseblocks_v2_1_0_comparator_static__parameterized5' (2#1) [d:/Vivado/digital_circuits/Mini_System/Mini_System.srcs/sources_1/bd/design_CPU_System/ipshared/7ee0/hdl/generic_baseblocks_v2_1_vl_rfs.v:2133]
INFO: [Synth 8-638] synthesizing module 'generic_baseblocks_v2_1_0_comparator_static__parameterized6' [d:/Vivado/digital_circuits/Mini_System/Mini_System.srcs/sources_1/bd/design_CPU_System/ipshared/7ee0/hdl/generic_baseblocks_v2_1_vl_rfs.v:2133]
INFO: [Synth 8-256] done synthesizing module 'generic_baseblocks_v2_1_0_comparator_static__parameterized6' (2#1) [d:/Vivado/digital_circuits/Mini_System/Mini_System.srcs/sources_1/bd/design_CPU_System/ipshared/7ee0/hdl/generic_baseblocks_v2_1_vl_rfs.v:2133]
INFO: [Synth 8-638] synthesizing module 'generic_baseblocks_v2_1_0_comparator_static__parameterized7' [d:/Vivado/digital_circuits/Mini_System/Mini_System.srcs/sources_1/bd/design_CPU_System/ipshared/7ee0/hdl/generic_baseblocks_v2_1_vl_rfs.v:2133]
INFO: [Synth 8-256] done synthesizing module 'generic_baseblocks_v2_1_0_comparator_static__parameterized7' (2#1) [d:/Vivado/digital_circuits/Mini_System/Mini_System.srcs/sources_1/bd/design_CPU_System/ipshared/7ee0/hdl/generic_baseblocks_v2_1_vl_rfs.v:2133]
INFO: [Synth 8-638] synthesizing module 'generic_baseblocks_v2_1_0_comparator_static__parameterized8' [d:/Vivado/digital_circuits/Mini_System/Mini_System.srcs/sources_1/bd/design_CPU_System/ipshared/7ee0/hdl/generic_baseblocks_v2_1_vl_rfs.v:2133]
INFO: [Synth 8-256] done synthesizing module 'generic_baseblocks_v2_1_0_comparator_static__parameterized8' (2#1) [d:/Vivado/digital_circuits/Mini_System/Mini_System.srcs/sources_1/bd/design_CPU_System/ipshared/7ee0/hdl/generic_baseblocks_v2_1_vl_rfs.v:2133]
INFO: [Synth 8-256] done synthesizing module 'axi_crossbar_v2_1_12_addr_decoder' (3#1) [d:/Vivado/digital_circuits/Mini_System/Mini_System.srcs/sources_1/bd/design_CPU_System/ipshared/896d/hdl/axi_crossbar_v2_1_vl_rfs.v:794]
INFO: [Synth 8-638] synthesizing module 'generic_baseblocks_v2_1_0_mux_enc' [d:/Vivado/digital_circuits/Mini_System/Mini_System.srcs/sources_1/bd/design_CPU_System/ipshared/7ee0/hdl/generic_baseblocks_v2_1_vl_rfs.v:2452]
INFO: [Synth 8-256] done synthesizing module 'generic_baseblocks_v2_1_0_mux_enc' (4#1) [d:/Vivado/digital_circuits/Mini_System/Mini_System.srcs/sources_1/bd/design_CPU_System/ipshared/7ee0/hdl/generic_baseblocks_v2_1_vl_rfs.v:2452]
INFO: [Synth 8-638] synthesizing module 'generic_baseblocks_v2_1_0_mux_enc__parameterized0' [d:/Vivado/digital_circuits/Mini_System/Mini_System.srcs/sources_1/bd/design_CPU_System/ipshared/7ee0/hdl/generic_baseblocks_v2_1_vl_rfs.v:2452]
INFO: [Synth 8-256] done synthesizing module 'generic_baseblocks_v2_1_0_mux_enc__parameterized0' (4#1) [d:/Vivado/digital_circuits/Mini_System/Mini_System.srcs/sources_1/bd/design_CPU_System/ipshared/7ee0/hdl/generic_baseblocks_v2_1_vl_rfs.v:2452]
INFO: [Synth 8-638] synthesizing module 'axi_crossbar_v2_1_12_decerr_slave' [d:/Vivado/digital_circuits/Mini_System/Mini_System.srcs/sources_1/bd/design_CPU_System/ipshared/896d/hdl/axi_crossbar_v2_1_vl_rfs.v:3500]
INFO: [Synth 8-256] done synthesizing module 'axi_crossbar_v2_1_12_decerr_slave' (5#1) [d:/Vivado/digital_circuits/Mini_System/Mini_System.srcs/sources_1/bd/design_CPU_System/ipshared/896d/hdl/axi_crossbar_v2_1_vl_rfs.v:3500]
INFO: [Synth 8-638] synthesizing module 'axi_crossbar_v2_1_12_addr_arbiter_sasd' [d:/Vivado/digital_circuits/Mini_System/Mini_System.srcs/sources_1/bd/design_CPU_System/ipshared/896d/hdl/axi_crossbar_v2_1_vl_rfs.v:65]
INFO: [Synth 8-638] synthesizing module 'generic_baseblocks_v2_1_0_mux_enc__parameterized1' [d:/Vivado/digital_circuits/Mini_System/Mini_System.srcs/sources_1/bd/design_CPU_System/ipshared/7ee0/hdl/generic_baseblocks_v2_1_vl_rfs.v:2452]
INFO: [Synth 8-256] done synthesizing module 'generic_baseblocks_v2_1_0_mux_enc__parameterized1' (5#1) [d:/Vivado/digital_circuits/Mini_System/Mini_System.srcs/sources_1/bd/design_CPU_System/ipshared/7ee0/hdl/generic_baseblocks_v2_1_vl_rfs.v:2452]
INFO: [Synth 8-256] done synthesizing module 'axi_crossbar_v2_1_12_addr_arbiter_sasd' (6#1) [d:/Vivado/digital_circuits/Mini_System/Mini_System.srcs/sources_1/bd/design_CPU_System/ipshared/896d/hdl/axi_crossbar_v2_1_vl_rfs.v:65]
INFO: [Synth 8-638] synthesizing module 'axi_crossbar_v2_1_12_splitter' [d:/Vivado/digital_circuits/Mini_System/Mini_System.srcs/sources_1/bd/design_CPU_System/ipshared/896d/hdl/axi_crossbar_v2_1_vl_rfs.v:4459]
INFO: [Synth 8-256] done synthesizing module 'axi_crossbar_v2_1_12_splitter' (7#1) [d:/Vivado/digital_circuits/Mini_System/Mini_System.srcs/sources_1/bd/design_CPU_System/ipshared/896d/hdl/axi_crossbar_v2_1_vl_rfs.v:4459]
INFO: [Synth 8-638] synthesizing module 'axi_crossbar_v2_1_12_splitter__parameterized0' [d:/Vivado/digital_circuits/Mini_System/Mini_System.srcs/sources_1/bd/design_CPU_System/ipshared/896d/hdl/axi_crossbar_v2_1_vl_rfs.v:4459]
INFO: [Synth 8-256] done synthesizing module 'axi_crossbar_v2_1_12_splitter__parameterized0' (7#1) [d:/Vivado/digital_circuits/Mini_System/Mini_System.srcs/sources_1/bd/design_CPU_System/ipshared/896d/hdl/axi_crossbar_v2_1_vl_rfs.v:4459]
INFO: [Synth 8-638] synthesizing module 'generic_baseblocks_v2_1_0_mux_enc__parameterized2' [d:/Vivado/digital_circuits/Mini_System/Mini_System.srcs/sources_1/bd/design_CPU_System/ipshared/7ee0/hdl/generic_baseblocks_v2_1_vl_rfs.v:2452]
INFO: [Synth 8-256] done synthesizing module 'generic_baseblocks_v2_1_0_mux_enc__parameterized2' (7#1) [d:/Vivado/digital_circuits/Mini_System/Mini_System.srcs/sources_1/bd/design_CPU_System/ipshared/7ee0/hdl/generic_baseblocks_v2_1_vl_rfs.v:2452]
INFO: [Synth 8-638] synthesizing module 'generic_baseblocks_v2_1_0_mux_enc__parameterized3' [d:/Vivado/digital_circuits/Mini_System/Mini_System.srcs/sources_1/bd/design_CPU_System/ipshared/7ee0/hdl/generic_baseblocks_v2_1_vl_rfs.v:2452]
INFO: [Synth 8-256] done synthesizing module 'generic_baseblocks_v2_1_0_mux_enc__parameterized3' (7#1) [d:/Vivado/digital_circuits/Mini_System/Mini_System.srcs/sources_1/bd/design_CPU_System/ipshared/7ee0/hdl/generic_baseblocks_v2_1_vl_rfs.v:2452]
INFO: [Synth 8-638] synthesizing module 'generic_baseblocks_v2_1_0_mux_enc__parameterized4' [d:/Vivado/digital_circuits/Mini_System/Mini_System.srcs/sources_1/bd/design_CPU_System/ipshared/7ee0/hdl/generic_baseblocks_v2_1_vl_rfs.v:2452]
INFO: [Synth 8-256] done synthesizing module 'generic_baseblocks_v2_1_0_mux_enc__parameterized4' (7#1) [d:/Vivado/digital_circuits/Mini_System/Mini_System.srcs/sources_1/bd/design_CPU_System/ipshared/7ee0/hdl/generic_baseblocks_v2_1_vl_rfs.v:2452]
INFO: [Synth 8-638] synthesizing module 'generic_baseblocks_v2_1_0_mux_enc__parameterized5' [d:/Vivado/digital_circuits/Mini_System/Mini_System.srcs/sources_1/bd/design_CPU_System/ipshared/7ee0/hdl/generic_baseblocks_v2_1_vl_rfs.v:2452]
INFO: [Synth 8-256] done synthesizing module 'generic_baseblocks_v2_1_0_mux_enc__parameterized5' (7#1) [d:/Vivado/digital_circuits/Mini_System/Mini_System.srcs/sources_1/bd/design_CPU_System/ipshared/7ee0/hdl/generic_baseblocks_v2_1_vl_rfs.v:2452]
INFO: [Synth 8-638] synthesizing module 'generic_baseblocks_v2_1_0_mux_enc__parameterized6' [d:/Vivado/digital_circuits/Mini_System/Mini_System.srcs/sources_1/bd/design_CPU_System/ipshared/7ee0/hdl/generic_baseblocks_v2_1_vl_rfs.v:2452]
INFO: [Synth 8-256] done synthesizing module 'generic_baseblocks_v2_1_0_mux_enc__parameterized6' (7#1) [d:/Vivado/digital_circuits/Mini_System/Mini_System.srcs/sources_1/bd/design_CPU_System/ipshared/7ee0/hdl/generic_baseblocks_v2_1_vl_rfs.v:2452]
INFO: [Synth 8-638] synthesizing module 'axi_register_slice_v2_1_11_axic_register_slice' [d:/Vivado/digital_circuits/Mini_System/Mini_System.srcs/sources_1/bd/design_CPU_System/ipshared/0b6b/hdl/axi_register_slice_v2_1_vl_rfs.v:85]
INFO: [Synth 8-256] done synthesizing module 'axi_register_slice_v2_1_11_axic_register_slice' (8#1) [d:/Vivado/digital_circuits/Mini_System/Mini_System.srcs/sources_1/bd/design_CPU_System/ipshared/0b6b/hdl/axi_register_slice_v2_1_vl_rfs.v:85]
INFO: [Synth 8-638] synthesizing module 'generic_baseblocks_v2_1_0_mux_enc__parameterized7' [d:/Vivado/digital_circuits/Mini_System/Mini_System.srcs/sources_1/bd/design_CPU_System/ipshared/7ee0/hdl/generic_baseblocks_v2_1_vl_rfs.v:2452]
INFO: [Synth 8-256] done synthesizing module 'generic_baseblocks_v2_1_0_mux_enc__parameterized7' (8#1) [d:/Vivado/digital_circuits/Mini_System/Mini_System.srcs/sources_1/bd/design_CPU_System/ipshared/7ee0/hdl/generic_baseblocks_v2_1_vl_rfs.v:2452]
INFO: [Synth 8-638] synthesizing module 'generic_baseblocks_v2_1_0_mux_enc__parameterized8' [d:/Vivado/digital_circuits/Mini_System/Mini_System.srcs/sources_1/bd/design_CPU_System/ipshared/7ee0/hdl/generic_baseblocks_v2_1_vl_rfs.v:2452]
INFO: [Synth 8-256] done synthesizing module 'generic_baseblocks_v2_1_0_mux_enc__parameterized8' (8#1) [d:/Vivado/digital_circuits/Mini_System/Mini_System.srcs/sources_1/bd/design_CPU_System/ipshared/7ee0/hdl/generic_baseblocks_v2_1_vl_rfs.v:2452]
INFO: [Synth 8-256] done synthesizing module 'axi_crossbar_v2_1_12_crossbar_sasd' (9#1) [d:/Vivado/digital_circuits/Mini_System/Mini_System.srcs/sources_1/bd/design_CPU_System/ipshared/896d/hdl/axi_crossbar_v2_1_vl_rfs.v:1240]
INFO: [Synth 8-256] done synthesizing module 'axi_crossbar_v2_1_12_axi_crossbar' (10#1) [d:/Vivado/digital_circuits/Mini_System/Mini_System.srcs/sources_1/bd/design_CPU_System/ipshared/896d/hdl/axi_crossbar_v2_1_vl_rfs.v:4882]
INFO: [Synth 8-256] done synthesizing module 'design_CPU_System_xbar_0' (11#1) [d:/Vivado/digital_circuits/Mini_System/Mini_System.srcs/sources_1/bd/design_CPU_System/ip/design_CPU_System_xbar_0/synth/design_CPU_System_xbar_0.v:60]
Finished RTL Elaboration : Time (s): cpu = 00:00:23 ; elapsed = 00:00:28 . Memory (MB): peak = 433.719 ; gain = 223.438
Finished RTL Optimization Phase 1 : Time (s): cpu = 00:00:24 ; elapsed = 00:00:29 . Memory (MB): peak = 433.719 ; gain = 223.438
INFO: [Device 21-403] Loading part xc7a100tcsg324-1
Constraint Validation Runtime : Time (s): cpu = 00:00:00 ; elapsed = 00:00:00.120 . Memory (MB): peak = 667.809 ; gain = 0.000
Finished Constraint Validation : Time (s): cpu = 00:00:38 ; elapsed = 00:00:44 . Memory (MB): peak = 667.809 ; gain = 457.527
Finished Loading Part and Timing Information : Time (s): cpu = 00:00:38 ; elapsed = 00:00:44 . Memory (MB): peak = 667.809 ; gain = 457.527
Finished applying 'set_property' XDC Constraints : Time (s): cpu = 00:00:38 ; elapsed = 00:00:44 . Memory (MB): peak = 667.809 ; gain = 457.527
Finished RTL Optimization Phase 2 : Time (s): cpu = 00:00:39 ; elapsed = 00:00:45 . Memory (MB): peak = 667.809 ; gain = 457.527
Finished Cross Boundary and Area Optimization : Time (s): cpu = 00:00:42 ; elapsed = 00:00:48 . Memory (MB): peak = 667.809 ; gain = 457.527
Finished Applying XDC Timing Constraints : Time (s): cpu = 00:00:59 ; elapsed = 00:01:05 . Memory (MB): peak = 667.809 ; gain = 457.527
Finished Timing Optimization : Time (s): cpu = 00:01:01 ; elapsed = 00:01:08 . Memory (MB): peak = 667.922 ; gain = 457.641
Finished Technology Mapping : Time (s): cpu = 00:01:02 ; elapsed = 00:01:08 . Memory (MB): peak = 667.922 ; gain = 457.641
Finished IO Insertion : Time (s): cpu = 00:01:03 ; elapsed = 00:01:10 . Memory (MB): peak = 667.922 ; gain = 457.641
Finished Renaming Generated Instances : Time (s): cpu = 00:01:03 ; elapsed = 00:01:10 . Memory (MB): peak = 667.922 ; gain = 457.641
Finished Rebuilding User Hierarchy : Time (s): cpu = 00:01:03 ; elapsed = 00:01:10 . Memory (MB): peak = 667.922 ; gain = 457.641
Finished Renaming Generated Ports : Time (s): cpu = 00:01:03 ; elapsed = 00:01:10 . Memory (MB): peak = 667.922 ; gain = 457.641
Finished Handling Custom Attributes : Time (s): cpu = 00:01:03 ; elapsed = 00:01:10 . Memory (MB): peak = 667.922 ; gain = 457.641
Finished Renaming Generated Nets : Time (s): cpu = 00:01:04 ; elapsed = 00:01:10 . Memory (MB): peak = 667.922 ; gain = 457.641

Report Cell Usage: 
+------+-----+------+
|      |Cell |Count |
+------+-----+------+
|1     |LUT1 |     2|
|2     |LUT2 |    49|
|3     |LUT3 |    81|
|4     |LUT4 |    80|
|5     |LUT5 |    22|
|6     |LUT6 |   276|
|7     |FDRE |   147|
|8     |FDSE |     1|
+------+-----+------+
Finished Writing Synthesis Report : Time (s): cpu = 00:01:04 ; elapsed = 00:01:10 . Memory (MB): peak = 667.922 ; gain = 457.641
synth_design: Time (s): cpu = 00:01:02 ; elapsed = 00:01:06 . Memory (MB): peak = 675.035 ; gain = 444.496
