
*** Running vivado
    with args -log design_CPU_System_axi_gpio_1_0.vds -m64 -product Vivado -mode batch -messageDb vivado.pb -notrace -source design_CPU_System_axi_gpio_1_0.tcl


****** Vivado v2016.4 (64-bit)
  **** SW Build 1733598 on Wed Dec 14 22:35:39 MST 2016
  **** IP Build 1731160 on Wed Dec 14 23:47:21 MST 2016
    ** Copyright 1986-2016 Xilinx, Inc. All Rights Reserved.

source design_CPU_System_axi_gpio_1_0.tcl -notrace
Starting RTL Elaboration : Time (s): cpu = 00:00:07 ; elapsed = 00:00:11 . Memory (MB): peak = 306.711 ; gain = 96.613
INFO: [Synth 8-638] synthesizing module 'design_CPU_System_axi_gpio_1_0' [d:/Vivado/digital_circuits/Mini_System/Mini_System.srcs/sources_1/bd/design_CPU_System/ip/design_CPU_System_axi_gpio_1_0/synth/design_CPU_System_axi_gpio_1_0.vhd:84]
INFO: [Synth 8-638] synthesizing module 'axi_gpio' [d:/Vivado/digital_circuits/Mini_System/Mini_System.srcs/sources_1/bd/design_CPU_System/ipshared/4f16/hdl/axi_gpio_v2_0_vh_rfs.vhd:1091]
INFO: [Synth 8-638] synthesizing module 'axi_lite_ipif' [d:/Vivado/digital_circuits/Mini_System/Mini_System.srcs/sources_1/bd/design_CPU_System/ipshared/0ba0/hdl/axi_lite_ipif_v3_0_vh_rfs.vhd:2948]
INFO: [Synth 8-638] synthesizing module 'slave_attachment' [d:/Vivado/digital_circuits/Mini_System/Mini_System.srcs/sources_1/bd/design_CPU_System/ipshared/0ba0/hdl/axi_lite_ipif_v3_0_vh_rfs.vhd:2341]
INFO: [Synth 8-638] synthesizing module 'address_decoder' [d:/Vivado/digital_circuits/Mini_System/Mini_System.srcs/sources_1/bd/design_CPU_System/ipshared/0ba0/hdl/axi_lite_ipif_v3_0_vh_rfs.vhd:1775]
INFO: [Synth 8-638] synthesizing module 'pselect_f' [d:/Vivado/digital_circuits/Mini_System/Mini_System.srcs/sources_1/bd/design_CPU_System/ipshared/0ba0/hdl/axi_lite_ipif_v3_0_vh_rfs.vhd:1534]
INFO: [Synth 8-256] done synthesizing module 'pselect_f' (1#1) [d:/Vivado/digital_circuits/Mini_System/Mini_System.srcs/sources_1/bd/design_CPU_System/ipshared/0ba0/hdl/axi_lite_ipif_v3_0_vh_rfs.vhd:1534]
INFO: [Synth 8-638] synthesizing module 'pselect_f__parameterized0' [d:/Vivado/digital_circuits/Mini_System/Mini_System.srcs/sources_1/bd/design_CPU_System/ipshared/0ba0/hdl/axi_lite_ipif_v3_0_vh_rfs.vhd:1534]
INFO: [Synth 8-256] done synthesizing module 'pselect_f__parameterized0' (1#1) [d:/Vivado/digital_circuits/Mini_System/Mini_System.srcs/sources_1/bd/design_CPU_System/ipshared/0ba0/hdl/axi_lite_ipif_v3_0_vh_rfs.vhd:1534]
INFO: [Synth 8-638] synthesizing module 'pselect_f__parameterized1' [d:/Vivado/digital_circuits/Mini_System/Mini_System.srcs/sources_1/bd/design_CPU_System/ipshared/0ba0/hdl/axi_lite_ipif_v3_0_vh_rfs.vhd:1534]
INFO: [Synth 8-256] done synthesizing module 'pselect_f__parameterized1' (1#1) [d:/Vivado/digital_circuits/Mini_System/Mini_System.srcs/sources_1/bd/design_CPU_System/ipshared/0ba0/hdl/axi_lite_ipif_v3_0_vh_rfs.vhd:1534]
INFO: [Synth 8-638] synthesizing module 'pselect_f__parameterized2' [d:/Vivado/digital_circuits/Mini_System/Mini_System.srcs/sources_1/bd/design_CPU_System/ipshared/0ba0/hdl/axi_lite_ipif_v3_0_vh_rfs.vhd:1534]
INFO: [Synth 8-256] done synthesizing module 'pselect_f__parameterized2' (1#1) [d:/Vivado/digital_circuits/Mini_System/Mini_System.srcs/sources_1/bd/design_CPU_System/ipshared/0ba0/hdl/axi_lite_ipif_v3_0_vh_rfs.vhd:1534]
INFO: [Synth 8-256] done synthesizing module 'address_decoder' (2#1) [d:/Vivado/digital_circuits/Mini_System/Mini_System.srcs/sources_1/bd/design_CPU_System/ipshared/0ba0/hdl/axi_lite_ipif_v3_0_vh_rfs.vhd:1775]
INFO: [Synth 8-256] done synthesizing module 'slave_attachment' (3#1) [d:/Vivado/digital_circuits/Mini_System/Mini_System.srcs/sources_1/bd/design_CPU_System/ipshared/0ba0/hdl/axi_lite_ipif_v3_0_vh_rfs.vhd:2341]
INFO: [Synth 8-256] done synthesizing module 'axi_lite_ipif' (4#1) [d:/Vivado/digital_circuits/Mini_System/Mini_System.srcs/sources_1/bd/design_CPU_System/ipshared/0ba0/hdl/axi_lite_ipif_v3_0_vh_rfs.vhd:2948]
INFO: [Synth 8-638] synthesizing module 'GPIO_Core' [d:/Vivado/digital_circuits/Mini_System/Mini_System.srcs/sources_1/bd/design_CPU_System/ipshared/4f16/hdl/axi_gpio_v2_0_vh_rfs.vhd:173]
INFO: [Synth 8-638] synthesizing module 'cdc_sync' [d:/Vivado/digital_circuits/Mini_System/Mini_System.srcs/sources_1/bd/design_CPU_System/ipshared/52cb/hdl/lib_cdc_v1_0_rfs.vhd:106]
INFO: [Synth 8-256] done synthesizing module 'cdc_sync' (5#1) [d:/Vivado/digital_circuits/Mini_System/Mini_System.srcs/sources_1/bd/design_CPU_System/ipshared/52cb/hdl/lib_cdc_v1_0_rfs.vhd:106]
INFO: [Synth 8-256] done synthesizing module 'GPIO_Core' (6#1) [d:/Vivado/digital_circuits/Mini_System/Mini_System.srcs/sources_1/bd/design_CPU_System/ipshared/4f16/hdl/axi_gpio_v2_0_vh_rfs.vhd:173]
INFO: [Synth 8-256] done synthesizing module 'axi_gpio' (7#1) [d:/Vivado/digital_circuits/Mini_System/Mini_System.srcs/sources_1/bd/design_CPU_System/ipshared/4f16/hdl/axi_gpio_v2_0_vh_rfs.vhd:1091]
INFO: [Synth 8-256] done synthesizing module 'design_CPU_System_axi_gpio_1_0' (8#1) [d:/Vivado/digital_circuits/Mini_System/Mini_System.srcs/sources_1/bd/design_CPU_System/ip/design_CPU_System_axi_gpio_1_0/synth/design_CPU_System_axi_gpio_1_0.vhd:84]
Finished RTL Elaboration : Time (s): cpu = 00:00:08 ; elapsed = 00:00:13 . Memory (MB): peak = 345.980 ; gain = 135.883
Finished RTL Optimization Phase 1 : Time (s): cpu = 00:00:09 ; elapsed = 00:00:13 . Memory (MB): peak = 345.980 ; gain = 135.883
INFO: [Device 21-403] Loading part xc7a100tcsg324-1
Constraint Validation Runtime : Time (s): cpu = 00:00:00 ; elapsed = 00:00:00.027 . Memory (MB): peak = 652.277 ; gain = 0.000
Finished Constraint Validation : Time (s): cpu = 00:00:19 ; elapsed = 00:00:25 . Memory (MB): peak = 652.277 ; gain = 442.180
Finished Loading Part and Timing Information : Time (s): cpu = 00:00:19 ; elapsed = 00:00:25 . Memory (MB): peak = 652.277 ; gain = 442.180
Finished applying 'set_property' XDC Constraints : Time (s): cpu = 00:00:19 ; elapsed = 00:00:25 . Memory (MB): peak = 652.277 ; gain = 442.180
Finished RTL Optimization Phase 2 : Time (s): cpu = 00:00:20 ; elapsed = 00:00:25 . Memory (MB): peak = 652.277 ; gain = 442.180
Finished Cross Boundary and Area Optimization : Time (s): cpu = 00:00:20 ; elapsed = 00:00:26 . Memory (MB): peak = 652.277 ; gain = 442.180
Finished Applying XDC Timing Constraints : Time (s): cpu = 00:00:32 ; elapsed = 00:00:38 . Memory (MB): peak = 652.277 ; gain = 442.180
Finished Timing Optimization : Time (s): cpu = 00:00:32 ; elapsed = 00:00:38 . Memory (MB): peak = 652.277 ; gain = 442.180
Finished Technology Mapping : Time (s): cpu = 00:00:32 ; elapsed = 00:00:38 . Memory (MB): peak = 652.277 ; gain = 442.180
Finished IO Insertion : Time (s): cpu = 00:00:32 ; elapsed = 00:00:39 . Memory (MB): peak = 652.277 ; gain = 442.180
Finished Renaming Generated Instances : Time (s): cpu = 00:00:32 ; elapsed = 00:00:39 . Memory (MB): peak = 652.277 ; gain = 442.180
Finished Rebuilding User Hierarchy : Time (s): cpu = 00:00:32 ; elapsed = 00:00:39 . Memory (MB): peak = 652.277 ; gain = 442.180
Finished Renaming Generated Ports : Time (s): cpu = 00:00:32 ; elapsed = 00:00:39 . Memory (MB): peak = 652.277 ; gain = 442.180
Finished Handling Custom Attributes : Time (s): cpu = 00:00:32 ; elapsed = 00:00:39 . Memory (MB): peak = 652.277 ; gain = 442.180
Finished Renaming Generated Nets : Time (s): cpu = 00:00:32 ; elapsed = 00:00:39 . Memory (MB): peak = 652.277 ; gain = 442.180

Report Cell Usage: 
+------+-----+------+
|      |Cell |Count |
+------+-----+------+
|1     |LUT1 |     2|
|2     |LUT2 |     5|
|3     |LUT3 |     4|
|4     |LUT4 |     8|
|5     |LUT5 |    11|
|6     |LUT6 |    11|
|7     |FDR  |    20|
|8     |FDRE |    46|
|9     |FDSE |     5|
+------+-----+------+
Finished Writing Synthesis Report : Time (s): cpu = 00:00:33 ; elapsed = 00:00:39 . Memory (MB): peak = 652.277 ; gain = 442.180
synth_design: Time (s): cpu = 00:00:30 ; elapsed = 00:00:33 . Memory (MB): peak = 652.277 ; gain = 429.484
