
*** Running vivado
    with args -log design_CPU_System_axi_uartlite_1_0.vds -m64 -product Vivado -mode batch -messageDb vivado.pb -notrace -source design_CPU_System_axi_uartlite_1_0.tcl


****** Vivado v2016.4 (64-bit)
  **** SW Build 1733598 on Wed Dec 14 22:35:39 MST 2016
  **** IP Build 1731160 on Wed Dec 14 23:47:21 MST 2016
    ** Copyright 1986-2016 Xilinx, Inc. All Rights Reserved.

source design_CPU_System_axi_uartlite_1_0.tcl -notrace
Starting RTL Elaboration : Time (s): cpu = 00:00:11 ; elapsed = 00:00:15 . Memory (MB): peak = 306.980 ; gain = 97.102
INFO: [Synth 8-638] synthesizing module 'design_CPU_System_axi_uartlite_1_0' [d:/Vivado/digital_circuits/Mini_System/Mini_System.srcs/sources_1/bd/design_CPU_System/ip/design_CPU_System_axi_uartlite_1_0/synth/design_CPU_System_axi_uartlite_1_0.vhd:86]
INFO: [Synth 8-638] synthesizing module 'axi_uartlite' [d:/Vivado/digital_circuits/Mini_System/Mini_System.srcs/sources_1/bd/design_CPU_System/ipshared/2479/hdl/axi_uartlite_v2_0_vh_rfs.vhd:2160]
INFO: [Synth 8-638] synthesizing module 'uartlite_core' [d:/Vivado/digital_circuits/Mini_System/Mini_System.srcs/sources_1/bd/design_CPU_System/ipshared/2479/hdl/axi_uartlite_v2_0_vh_rfs.vhd:1615]
INFO: [Synth 8-638] synthesizing module 'baudrate' [d:/Vivado/digital_circuits/Mini_System/Mini_System.srcs/sources_1/bd/design_CPU_System/ipshared/2479/hdl/axi_uartlite_v2_0_vh_rfs.vhd:1418]
INFO: [Synth 8-256] done synthesizing module 'baudrate' (1#1) [d:/Vivado/digital_circuits/Mini_System/Mini_System.srcs/sources_1/bd/design_CPU_System/ipshared/2479/hdl/axi_uartlite_v2_0_vh_rfs.vhd:1418]
INFO: [Synth 8-638] synthesizing module 'uartlite_rx' [d:/Vivado/digital_circuits/Mini_System/Mini_System.srcs/sources_1/bd/design_CPU_System/ipshared/2479/hdl/axi_uartlite_v2_0_vh_rfs.vhd:909]
INFO: [Synth 8-638] synthesizing module 'cdc_sync' [d:/Vivado/digital_circuits/Mini_System/Mini_System.srcs/sources_1/bd/design_CPU_System/ipshared/52cb/hdl/lib_cdc_v1_0_rfs.vhd:106]
INFO: [Synth 8-256] done synthesizing module 'cdc_sync' (2#1) [d:/Vivado/digital_circuits/Mini_System/Mini_System.srcs/sources_1/bd/design_CPU_System/ipshared/52cb/hdl/lib_cdc_v1_0_rfs.vhd:106]
INFO: [Synth 8-638] synthesizing module 'dynshreg_i_f' [d:/Vivado/digital_circuits/Mini_System/Mini_System.srcs/sources_1/bd/design_CPU_System/ipshared/2479/hdl/axi_uartlite_v2_0_vh_rfs.vhd:168]
INFO: [Synth 8-256] done synthesizing module 'dynshreg_i_f' (3#1) [d:/Vivado/digital_circuits/Mini_System/Mini_System.srcs/sources_1/bd/design_CPU_System/ipshared/2479/hdl/axi_uartlite_v2_0_vh_rfs.vhd:168]
INFO: [Synth 8-638] synthesizing module 'srl_fifo_f' [d:/Vivado/digital_circuits/Mini_System/Mini_System.srcs/sources_1/bd/design_CPU_System/ipshared/6039/hdl/lib_srl_fifo_v1_0_rfs.vhd:1000]
INFO: [Synth 8-638] synthesizing module 'srl_fifo_rbu_f' [d:/Vivado/digital_circuits/Mini_System/Mini_System.srcs/sources_1/bd/design_CPU_System/ipshared/6039/hdl/lib_srl_fifo_v1_0_rfs.vhd:697]
INFO: [Synth 8-638] synthesizing module 'cntr_incr_decr_addn_f' [d:/Vivado/digital_circuits/Mini_System/Mini_System.srcs/sources_1/bd/design_CPU_System/ipshared/6039/hdl/lib_srl_fifo_v1_0_rfs.vhd:143]
INFO: [Synth 8-256] done synthesizing module 'cntr_incr_decr_addn_f' (4#1) [d:/Vivado/digital_circuits/Mini_System/Mini_System.srcs/sources_1/bd/design_CPU_System/ipshared/6039/hdl/lib_srl_fifo_v1_0_rfs.vhd:143]
INFO: [Synth 8-638] synthesizing module 'dynshreg_f' [d:/Vivado/digital_circuits/Mini_System/Mini_System.srcs/sources_1/bd/design_CPU_System/ipshared/6039/hdl/lib_srl_fifo_v1_0_rfs.vhd:397]
INFO: [Synth 8-256] done synthesizing module 'dynshreg_f' (5#1) [d:/Vivado/digital_circuits/Mini_System/Mini_System.srcs/sources_1/bd/design_CPU_System/ipshared/6039/hdl/lib_srl_fifo_v1_0_rfs.vhd:397]
INFO: [Synth 8-256] done synthesizing module 'srl_fifo_rbu_f' (6#1) [d:/Vivado/digital_circuits/Mini_System/Mini_System.srcs/sources_1/bd/design_CPU_System/ipshared/6039/hdl/lib_srl_fifo_v1_0_rfs.vhd:697]
INFO: [Synth 8-256] done synthesizing module 'srl_fifo_f' (7#1) [d:/Vivado/digital_circuits/Mini_System/Mini_System.srcs/sources_1/bd/design_CPU_System/ipshared/6039/hdl/lib_srl_fifo_v1_0_rfs.vhd:1000]
INFO: [Synth 8-256] done synthesizing module 'uartlite_rx' (8#1) [d:/Vivado/digital_circuits/Mini_System/Mini_System.srcs/sources_1/bd/design_CPU_System/ipshared/2479/hdl/axi_uartlite_v2_0_vh_rfs.vhd:909]
INFO: [Synth 8-638] synthesizing module 'uartlite_tx' [d:/Vivado/digital_circuits/Mini_System/Mini_System.srcs/sources_1/bd/design_CPU_System/ipshared/2479/hdl/axi_uartlite_v2_0_vh_rfs.vhd:408]
INFO: [Synth 8-638] synthesizing module 'dynshreg_i_f__parameterized0' [d:/Vivado/digital_circuits/Mini_System/Mini_System.srcs/sources_1/bd/design_CPU_System/ipshared/2479/hdl/axi_uartlite_v2_0_vh_rfs.vhd:168]
INFO: [Synth 8-256] done synthesizing module 'dynshreg_i_f__parameterized0' (8#1) [d:/Vivado/digital_circuits/Mini_System/Mini_System.srcs/sources_1/bd/design_CPU_System/ipshared/2479/hdl/axi_uartlite_v2_0_vh_rfs.vhd:168]
INFO: [Synth 8-256] done synthesizing module 'uartlite_tx' (9#1) [d:/Vivado/digital_circuits/Mini_System/Mini_System.srcs/sources_1/bd/design_CPU_System/ipshared/2479/hdl/axi_uartlite_v2_0_vh_rfs.vhd:408]
INFO: [Synth 8-256] done synthesizing module 'uartlite_core' (10#1) [d:/Vivado/digital_circuits/Mini_System/Mini_System.srcs/sources_1/bd/design_CPU_System/ipshared/2479/hdl/axi_uartlite_v2_0_vh_rfs.vhd:1615]
INFO: [Synth 8-638] synthesizing module 'axi_lite_ipif' [d:/Vivado/digital_circuits/Mini_System/Mini_System.srcs/sources_1/bd/design_CPU_System/ipshared/0ba0/hdl/axi_lite_ipif_v3_0_vh_rfs.vhd:2948]
INFO: [Synth 8-638] synthesizing module 'slave_attachment' [d:/Vivado/digital_circuits/Mini_System/Mini_System.srcs/sources_1/bd/design_CPU_System/ipshared/0ba0/hdl/axi_lite_ipif_v3_0_vh_rfs.vhd:2341]
INFO: [Synth 8-638] synthesizing module 'address_decoder' [d:/Vivado/digital_circuits/Mini_System/Mini_System.srcs/sources_1/bd/design_CPU_System/ipshared/0ba0/hdl/axi_lite_ipif_v3_0_vh_rfs.vhd:1775]
INFO: [Synth 8-638] synthesizing module 'pselect_f' [d:/Vivado/digital_circuits/Mini_System/Mini_System.srcs/sources_1/bd/design_CPU_System/ipshared/0ba0/hdl/axi_lite_ipif_v3_0_vh_rfs.vhd:1534]
INFO: [Synth 8-256] done synthesizing module 'pselect_f' (11#1) [d:/Vivado/digital_circuits/Mini_System/Mini_System.srcs/sources_1/bd/design_CPU_System/ipshared/0ba0/hdl/axi_lite_ipif_v3_0_vh_rfs.vhd:1534]
INFO: [Synth 8-638] synthesizing module 'pselect_f__parameterized0' [d:/Vivado/digital_circuits/Mini_System/Mini_System.srcs/sources_1/bd/design_CPU_System/ipshared/0ba0/hdl/axi_lite_ipif_v3_0_vh_rfs.vhd:1534]
INFO: [Synth 8-256] done synthesizing module 'pselect_f__parameterized0' (11#1) [d:/Vivado/digital_circuits/Mini_System/Mini_System.srcs/sources_1/bd/design_CPU_System/ipshared/0ba0/hdl/axi_lite_ipif_v3_0_vh_rfs.vhd:1534]
INFO: [Synth 8-638] synthesizing module 'pselect_f__parameterized1' [d:/Vivado/digital_circuits/Mini_System/Mini_System.srcs/sources_1/bd/design_CPU_System/ipshared/0ba0/hdl/axi_lite_ipif_v3_0_vh_rfs.vhd:1534]
INFO: [Synth 8-256] done synthesizing module 'pselect_f__parameterized1' (11#1) [d:/Vivado/digital_circuits/Mini_System/Mini_System.srcs/sources_1/bd/design_CPU_System/ipshared/0ba0/hdl/axi_lite_ipif_v3_0_vh_rfs.vhd:1534]
INFO: [Synth 8-638] synthesizing module 'pselect_f__parameterized2' [d:/Vivado/digital_circuits/Mini_System/Mini_System.srcs/sources_1/bd/design_CPU_System/ipshared/0ba0/hdl/axi_lite_ipif_v3_0_vh_rfs.vhd:1534]
INFO: [Synth 8-256] done synthesizing module 'pselect_f__parameterized2' (11#1) [d:/Vivado/digital_circuits/Mini_System/Mini_System.srcs/sources_1/bd/design_CPU_System/ipshared/0ba0/hdl/axi_lite_ipif_v3_0_vh_rfs.vhd:1534]
INFO: [Synth 8-256] done synthesizing module 'address_decoder' (12#1) [d:/Vivado/digital_circuits/Mini_System/Mini_System.srcs/sources_1/bd/design_CPU_System/ipshared/0ba0/hdl/axi_lite_ipif_v3_0_vh_rfs.vhd:1775]
INFO: [Synth 8-256] done synthesizing module 'slave_attachment' (13#1) [d:/Vivado/digital_circuits/Mini_System/Mini_System.srcs/sources_1/bd/design_CPU_System/ipshared/0ba0/hdl/axi_lite_ipif_v3_0_vh_rfs.vhd:2341]
INFO: [Synth 8-256] done synthesizing module 'axi_lite_ipif' (14#1) [d:/Vivado/digital_circuits/Mini_System/Mini_System.srcs/sources_1/bd/design_CPU_System/ipshared/0ba0/hdl/axi_lite_ipif_v3_0_vh_rfs.vhd:2948]
INFO: [Synth 8-256] done synthesizing module 'axi_uartlite' (15#1) [d:/Vivado/digital_circuits/Mini_System/Mini_System.srcs/sources_1/bd/design_CPU_System/ipshared/2479/hdl/axi_uartlite_v2_0_vh_rfs.vhd:2160]
INFO: [Synth 8-256] done synthesizing module 'design_CPU_System_axi_uartlite_1_0' (16#1) [d:/Vivado/digital_circuits/Mini_System/Mini_System.srcs/sources_1/bd/design_CPU_System/ip/design_CPU_System_axi_uartlite_1_0/synth/design_CPU_System_axi_uartlite_1_0.vhd:86]
Finished RTL Elaboration : Time (s): cpu = 00:00:14 ; elapsed = 00:00:18 . Memory (MB): peak = 346.285 ; gain = 136.406
Finished RTL Optimization Phase 1 : Time (s): cpu = 00:00:14 ; elapsed = 00:00:19 . Memory (MB): peak = 346.285 ; gain = 136.406
INFO: [Device 21-403] Loading part xc7a100tcsg324-1
Constraint Validation Runtime : Time (s): cpu = 00:00:00 ; elapsed = 00:00:00.030 . Memory (MB): peak = 654.602 ; gain = 0.098
Finished Constraint Validation : Time (s): cpu = 00:00:27 ; elapsed = 00:00:32 . Memory (MB): peak = 654.602 ; gain = 444.723
Finished Loading Part and Timing Information : Time (s): cpu = 00:00:27 ; elapsed = 00:00:32 . Memory (MB): peak = 654.602 ; gain = 444.723
Finished applying 'set_property' XDC Constraints : Time (s): cpu = 00:00:27 ; elapsed = 00:00:32 . Memory (MB): peak = 654.602 ; gain = 444.723
Finished RTL Optimization Phase 2 : Time (s): cpu = 00:00:28 ; elapsed = 00:00:33 . Memory (MB): peak = 654.602 ; gain = 444.723
Finished Cross Boundary and Area Optimization : Time (s): cpu = 00:00:29 ; elapsed = 00:00:35 . Memory (MB): peak = 654.602 ; gain = 444.723
Finished Applying XDC Timing Constraints : Time (s): cpu = 00:00:42 ; elapsed = 00:00:48 . Memory (MB): peak = 654.602 ; gain = 444.723
Finished Timing Optimization : Time (s): cpu = 00:00:43 ; elapsed = 00:00:48 . Memory (MB): peak = 654.602 ; gain = 444.723
Finished Technology Mapping : Time (s): cpu = 00:00:43 ; elapsed = 00:00:49 . Memory (MB): peak = 654.602 ; gain = 444.723
Finished IO Insertion : Time (s): cpu = 00:00:44 ; elapsed = 00:00:49 . Memory (MB): peak = 654.602 ; gain = 444.723
Finished Renaming Generated Instances : Time (s): cpu = 00:00:44 ; elapsed = 00:00:49 . Memory (MB): peak = 654.602 ; gain = 444.723
Finished Rebuilding User Hierarchy : Time (s): cpu = 00:00:44 ; elapsed = 00:00:49 . Memory (MB): peak = 654.602 ; gain = 444.723
Finished Renaming Generated Ports : Time (s): cpu = 00:00:44 ; elapsed = 00:00:49 . Memory (MB): peak = 654.602 ; gain = 444.723
Finished Handling Custom Attributes : Time (s): cpu = 00:00:44 ; elapsed = 00:00:49 . Memory (MB): peak = 654.602 ; gain = 444.723
Finished Renaming Generated Nets : Time (s): cpu = 00:00:44 ; elapsed = 00:00:49 . Memory (MB): peak = 654.602 ; gain = 444.723

Report Cell Usage: 
+------+-------+------+
|      |Cell   |Count |
+------+-------+------+
|1     |LUT1   |     1|
|2     |LUT2   |    10|
|3     |LUT3   |    23|
|4     |LUT4   |    15|
|5     |LUT5   |    44|
|6     |LUT6   |    21|
|7     |SRL16E |    18|
|8     |FDR    |     4|
|9     |FDRE   |    74|
|10    |FDSE   |    16|
+------+-------+------+
Finished Writing Synthesis Report : Time (s): cpu = 00:00:44 ; elapsed = 00:00:49 . Memory (MB): peak = 654.602 ; gain = 444.723
synth_design: Time (s): cpu = 00:00:41 ; elapsed = 00:00:42 . Memory (MB): peak = 654.602 ; gain = 431.535
