#-----------------------------------------------------------
# Webtalk v2016.4 (64-bit)
# SW Build 1733598 on Wed Dec 14 22:35:39 MST 2016
# 
# Start of session at: Sun May 30 21:43:39 2021
# Process ID: 7956
# Current directory: C:/vivado/project/Mini_System/Mini_System.sdk/webtalk
# Command line: wbtcv.exe -mode batch -source sdk_webtalk.tcl
# Log file: C:/vivado/project/Mini_System/Mini_System.sdk/webtalk/webtalk.log
# Journal file: C:/vivado/project/Mini_System/Mini_System.sdk/webtalk\webtalk.jou
#-----------------------------------------------------------
source sdk_webtalk.tcl
# webtalk_init -webtalk_dir C:\\vivado\\project\\Mini_System\\Mini_System.sdk\\webtalk
# webtalk_register_client -client project
# webtalk_add_data -client project -key date_generated -value "2021-05-30 21:43:38" -context "software_version_and_target_device"
# webtalk_add_data -client project -key product_version -value "SDK v2016.4" -context "software_version_and_target_device"
# webtalk_add_data -client project -key build_version -value "2016.4" -context "software_version_and_target_device"
# webtalk_add_data -client project -key os_platform -value "amd64" -context "software_version_and_target_device"
# webtalk_add_data -client project -key registration_id -value "" -context "software_version_and_target_device"
# webtalk_add_data -client project -key tool_flow -value "SDK" -context "software_version_and_target_device"
# webtalk_add_data -client project -key beta -value "false" -context "software_version_and_target_device"
# webtalk_add_data -client project -key route_design -value "NA" -context "software_version_and_target_device"
# webtalk_add_data -client project -key target_family -value "NA" -context "software_version_and_target_device"
# webtalk_add_data -client project -key target_device -value "NA" -context "software_version_and_target_device"
# webtalk_add_data -client project -key target_package -value "NA" -context "software_version_and_target_device"
# webtalk_add_data -client project -key target_speed -value "NA" -context "software_version_and_target_device"
# webtalk_add_data -client project -key random_id -value "qcmklmut1erj6vudrb5fdq3j9t" -context "software_version_and_target_device"
# webtalk_add_data -client project -key project_id -value "2016.4_11" -context "software_version_and_target_device"
# webtalk_add_data -client project -key project_iteration -value "11" -context "software_version_and_target_device"
# webtalk_add_data -client project -key os_name -value "Microsoft Windows 8 or later , 64-bit" -context "user_environment"
# webtalk_add_data -client project -key os_release -value "major release  (build 9200)" -context "user_environment"
# webtalk_add_data -client project -key cpu_name -value "Intel(R) Core(TM) i7-8565U CPU @ 1.80GHz" -context "user_environment"
# webtalk_add_data -client project -key cpu_speed -value "1992 MHz" -context "user_environment"
# webtalk_add_data -client project -key total_processors -value "1" -context "user_environment"
# webtalk_add_data -client project -key system_ram -value "8.000 GB" -context "user_environment"
# webtalk_register_client -client sdk
# webtalk_add_data -client sdk -key uid -value "1622370147145" -context "sdk\\\\hardware/1622370147145"
# webtalk_add_data -client sdk -key isZynq -value "false" -context "sdk\\\\hardware/1622370147145"
# webtalk_add_data -client sdk -key isZynqMP -value "false" -context "sdk\\\\hardware/1622370147145"
# webtalk_add_data -client sdk -key Processors -value "1" -context "sdk\\\\hardware/1622370147145"
# webtalk_add_data -client sdk -key VivadoVersion -value "2016.4" -context "sdk\\\\hardware/1622370147145"
# webtalk_add_data -client sdk -key Arch -value "artix7" -context "sdk\\\\hardware/1622370147145"
# webtalk_add_data -client sdk -key Device -value "7a100t" -context "sdk\\\\hardware/1622370147145"
# webtalk_add_data -client sdk -key IsHandoff -value "true" -context "sdk\\\\hardware/1622370147145"
# webtalk_add_data -client sdk -key os -value "NA" -context "sdk\\\\hardware/1622370147145"
# webtalk_add_data -client sdk -key apptemplate -value "NA" -context "sdk\\\\hardware/1622370147145"
# webtalk_add_data -client sdk -key RecordType -value "HWCreation" -context "sdk\\\\hardware/1622370147145"
# webtalk_add_data -client sdk -key uid -value "1622370496972" -context "sdk\\\\bsp/1622370496972"
# webtalk_add_data -client sdk -key hwid -value "1620821133214" -context "sdk\\\\bsp/1622370496972"
# webtalk_add_data -client sdk -key os -value "standalone" -context "sdk\\\\bsp/1622370496972"
# webtalk_add_data -client sdk -key apptemplate -value "empty_application" -context "sdk\\\\bsp/1622370496972"
# webtalk_add_data -client sdk -key RecordType -value "BSPCreation" -context "sdk\\\\bsp/1622370496972"
# webtalk_add_data -client sdk -key uid -value "1622370498602" -context "sdk\\\\application/1622370498602"
# webtalk_add_data -client sdk -key hwid -value "1620821133214" -context "sdk\\\\application/1622370498602"
# webtalk_add_data -client sdk -key bspid -value "1622370496972" -context "sdk\\\\application/1622370498602"
# webtalk_add_data -client sdk -key newbsp -value "true" -context "sdk\\\\application/1622370498602"
# webtalk_add_data -client sdk -key os -value "standalone" -context "sdk\\\\application/1622370498602"
# webtalk_add_data -client sdk -key apptemplate -value "empty_application" -context "sdk\\\\application/1622370498602"
# webtalk_add_data -client sdk -key RecordType -value "APPCreation" -context "sdk\\\\application/1622370498602"
# webtalk_add_data -client sdk -key LangUsed -value "C" -context "sdk\\\\application/1622370498602"
# webtalk_add_data -client sdk -key Procused -value "microblaze" -context "sdk\\\\application/1622370498602"
# webtalk_add_data -client sdk -key projSize -value "81.8955078125" -context "sdk\\\\application/1622370498602"
# webtalk_add_data -client sdk -key uid -value "1622371618480" -context "sdk\\\\bsp/1622371618480"
# webtalk_add_data -client sdk -key hwid -value "1620821133214" -context "sdk\\\\bsp/1622371618480"
# webtalk_add_data -client sdk -key os -value "standalone" -context "sdk\\\\bsp/1622371618480"
# webtalk_add_data -client sdk -key apptemplate -value "empty_application" -context "sdk\\\\bsp/1622371618480"
# webtalk_add_data -client sdk -key RecordType -value "BSPCreation" -context "sdk\\\\bsp/1622371618480"
# webtalk_add_data -client sdk -key uid -value "1622371620166" -context "sdk\\\\application/1622371620166"
# webtalk_add_data -client sdk -key hwid -value "1620821133214" -context "sdk\\\\application/1622371620166"
# webtalk_add_data -client sdk -key bspid -value "1622371618480" -context "sdk\\\\application/1622371620166"
# webtalk_add_data -client sdk -key newbsp -value "true" -context "sdk\\\\application/1622371620166"
# webtalk_add_data -client sdk -key os -value "standalone" -context "sdk\\\\application/1622371620166"
# webtalk_add_data -client sdk -key apptemplate -value "empty_application" -context "sdk\\\\application/1622371620166"
# webtalk_add_data -client sdk -key RecordType -value "APPCreation" -context "sdk\\\\application/1622371620166"
# webtalk_add_data -client sdk -key LangUsed -value "C" -context "sdk\\\\application/1622371620166"
# webtalk_add_data -client sdk -key Procused -value "microblaze" -context "sdk\\\\application/1622371620166"
# webtalk_add_data -client sdk -key uid -value "1622371686568" -context "sdk\\\\bsp/1622371686568"
# webtalk_add_data -client sdk -key hwid -value "1620821133214" -context "sdk\\\\bsp/1622371686568"
# webtalk_add_data -client sdk -key os -value "standalone" -context "sdk\\\\bsp/1622371686568"
# webtalk_add_data -client sdk -key apptemplate -value "empty_application" -context "sdk\\\\bsp/1622371686568"
# webtalk_add_data -client sdk -key RecordType -value "BSPCreation" -context "sdk\\\\bsp/1622371686568"
# webtalk_add_data -client sdk -key uid -value "1622371688283" -context "sdk\\\\application/1622371688283"
# webtalk_add_data -client sdk -key hwid -value "1620821133214" -context "sdk\\\\application/1622371688283"
# webtalk_add_data -client sdk -key bspid -value "1622371686568" -context "sdk\\\\application/1622371688283"
# webtalk_add_data -client sdk -key newbsp -value "true" -context "sdk\\\\application/1622371688283"
# webtalk_add_data -client sdk -key os -value "standalone" -context "sdk\\\\application/1622371688283"
# webtalk_add_data -client sdk -key apptemplate -value "empty_application" -context "sdk\\\\application/1622371688283"
# webtalk_add_data -client sdk -key RecordType -value "APPCreation" -context "sdk\\\\application/1622371688283"
# webtalk_add_data -client sdk -key LangUsed -value "C" -context "sdk\\\\application/1622371688283"
# webtalk_add_data -client sdk -key Procused -value "microblaze" -context "sdk\\\\application/1622371688283"
# webtalk_add_data -client sdk -key projSize -value "107.3115234375" -context "sdk\\\\application/1622371688283"
# webtalk_add_data -client sdk -key uid -value "NA" -context "sdk\\\\bsp/1622382218235"
# webtalk_add_data -client sdk -key RecordType -value "ToolUsage" -context "sdk\\\\bsp/1622382218235"
# webtalk_add_data -client sdk -key BootgenCount -value "0" -context "sdk\\\\bsp/1622382218235"
# webtalk_add_data -client sdk -key DebugCount -value "15" -context "sdk\\\\bsp/1622382218235"
# webtalk_add_data -client sdk -key PerfCount -value "1" -context "sdk\\\\bsp/1622382218235"
# webtalk_add_data -client sdk -key FlashCount -value "0" -context "sdk\\\\bsp/1622382218235"
# webtalk_add_data -client sdk -key CrossTriggCount -value "0" -context "sdk\\\\bsp/1622382218235"
# webtalk_add_data -client sdk -key QemuDebugCount -value "0" -context "sdk\\\\bsp/1622382218235"
# webtalk_transmit -clientid 3413964719 -regid "" -xml C:\\vivado\\project\\Mini_System\\Mini_System.sdk\\webtalk\\usage_statistics_ext_sdk.xml -html C:\\vivado\\project\\Mini_System\\Mini_System.sdk\\webtalk\\usage_statistics_ext_sdk.html -wdm C:\\vivado\\project\\Mini_System\\Mini_System.sdk\\webtalk\\sdk_webtalk.wdm -intro "<H3>SDK Usage Report</H3><BR>"
# webtalk_terminate
INFO: [Common 17-206] Exiting Webtalk at Sun May 30 21:43:50 2021...
