#-----------------------------------------------------------
# Webtalk v2016.4 (64-bit)
# SW Build 1733598 on Wed Dec 14 22:35:39 MST 2016
# 
# Start of session at: Mon May 31 16:26:52 2021
# Process ID: 15848
# Current directory: C:/vivado/project/Mini_System/Mini_System.sdk/webtalk
# Command line: wbtcv.exe -mode batch -source sdk_webtalk.tcl
# Log file: C:/vivado/project/Mini_System/Mini_System.sdk/webtalk/webtalk.log
# Journal file: C:/vivado/project/Mini_System/Mini_System.sdk/webtalk\webtalk.jou
#-----------------------------------------------------------
source sdk_webtalk.tcl
# webtalk_init -webtalk_dir C:\\vivado\\project\\Mini_System\\Mini_System.sdk\\webtalk
# webtalk_register_client -client project
# webtalk_add_data -client project -key date_generated -value "2021-05-31 16:26:50" -context "software_version_and_target_device"
# webtalk_add_data -client project -key product_version -value "SDK v2016.4" -context "software_version_and_target_device"
# webtalk_add_data -client project -key build_version -value "2016.4" -context "software_version_and_target_device"
# webtalk_add_data -client project -key os_platform -value "amd64" -context "software_version_and_target_device"
# webtalk_add_data -client project -key registration_id -value "" -context "software_version_and_target_device"
# webtalk_add_data -client project -key tool_flow -value "SDK" -context "software_version_and_target_device"
# webtalk_add_data -client project -key beta -value "false" -context "software_version_and_target_device"
# webtalk_add_data -client project -key route_design -value "NA" -context "software_version_and_target_device"
# webtalk_add_data -client project -key target_family -value "NA" -context "software_version_and_target_device"
# webtalk_add_data -client project -key target_device -value "NA" -context "software_version_and_target_device"
# webtalk_add_data -client project -key target_package -value "NA" -context "software_version_and_target_device"
# webtalk_add_data -client project -key target_speed -value "NA" -context "software_version_and_target_device"
# webtalk_add_data -client project -key random_id -value "d7u5s2rkoee2tma1cica58pid2" -context "software_version_and_target_device"
# webtalk_add_data -client project -key project_id -value "2016.4_12" -context "software_version_and_target_device"
# webtalk_add_data -client project -key project_iteration -value "12" -context "software_version_and_target_device"
# webtalk_add_data -client project -key os_name -value "Microsoft Windows 8 or later , 64-bit" -context "user_environment"
# webtalk_add_data -client project -key os_release -value "major release  (build 9200)" -context "user_environment"
# webtalk_add_data -client project -key cpu_name -value "Intel(R) Core(TM) i7-8565U CPU @ 1.80GHz" -context "user_environment"
# webtalk_add_data -client project -key cpu_speed -value "1992 MHz" -context "user_environment"
# webtalk_add_data -client project -key total_processors -value "1" -context "user_environment"
# webtalk_add_data -client project -key system_ram -value "8.000 GB" -context "user_environment"
# webtalk_register_client -client sdk
# webtalk_add_data -client sdk -key uid -value "1622437253699" -context "sdk\\\\bsp/1622437253699"
# webtalk_add_data -client sdk -key hwid -value "1620821133214" -context "sdk\\\\bsp/1622437253699"
# webtalk_add_data -client sdk -key os -value "standalone" -context "sdk\\\\bsp/1622437253699"
# webtalk_add_data -client sdk -key apptemplate -value "empty_application" -context "sdk\\\\bsp/1622437253699"
# webtalk_add_data -client sdk -key RecordType -value "BSPCreation" -context "sdk\\\\bsp/1622437253699"
# webtalk_add_data -client sdk -key uid -value "1622437255794" -context "sdk\\\\application/1622437255794"
# webtalk_add_data -client sdk -key hwid -value "1620821133214" -context "sdk\\\\application/1622437255794"
# webtalk_add_data -client sdk -key bspid -value "1622437253699" -context "sdk\\\\application/1622437255794"
# webtalk_add_data -client sdk -key newbsp -value "true" -context "sdk\\\\application/1622437255794"
# webtalk_add_data -client sdk -key os -value "standalone" -context "sdk\\\\application/1622437255794"
# webtalk_add_data -client sdk -key apptemplate -value "empty_application" -context "sdk\\\\application/1622437255794"
# webtalk_add_data -client sdk -key RecordType -value "APPCreation" -context "sdk\\\\application/1622437255794"
# webtalk_add_data -client sdk -key LangUsed -value "CPP" -context "sdk\\\\application/1622437255794"
# webtalk_add_data -client sdk -key Procused -value "microblaze" -context "sdk\\\\application/1622437255794"
# webtalk_add_data -client sdk -key projSize -value "119.458984375" -context "sdk\\\\application/1622437255794"
# webtalk_add_data -client sdk -key uid -value "NA" -context "sdk\\\\bsp/1622449610778"
# webtalk_add_data -client sdk -key RecordType -value "ToolUsage" -context "sdk\\\\bsp/1622449610778"
# webtalk_add_data -client sdk -key BootgenCount -value "0" -context "sdk\\\\bsp/1622449610778"
# webtalk_add_data -client sdk -key DebugCount -value "22" -context "sdk\\\\bsp/1622449610778"
# webtalk_add_data -client sdk -key PerfCount -value "0" -context "sdk\\\\bsp/1622449610778"
# webtalk_add_data -client sdk -key FlashCount -value "0" -context "sdk\\\\bsp/1622449610778"
# webtalk_add_data -client sdk -key CrossTriggCount -value "0" -context "sdk\\\\bsp/1622449610778"
# webtalk_add_data -client sdk -key QemuDebugCount -value "0" -context "sdk\\\\bsp/1622449610778"
# webtalk_transmit -clientid 2598721856 -regid "" -xml C:\\vivado\\project\\Mini_System\\Mini_System.sdk\\webtalk\\usage_statistics_ext_sdk.xml -html C:\\vivado\\project\\Mini_System\\Mini_System.sdk\\webtalk\\usage_statistics_ext_sdk.html -wdm C:\\vivado\\project\\Mini_System\\Mini_System.sdk\\webtalk\\sdk_webtalk.wdm -intro "<H3>SDK Usage Report</H3><BR>"
# webtalk_terminate
INFO: [Common 17-206] Exiting Webtalk at Mon May 31 16:27:02 2021...
