
*** Running vivado
    with args -log design_CPU_System_axi_gpio_2_0.vds -m64 -product Vivado -mode batch -messageDb vivado.pb -notrace -source design_CPU_System_axi_gpio_2_0.tcl


****** Vivado v2016.4 (64-bit)
  **** SW Build 1733598 on Wed Dec 14 22:35:39 MST 2016
  **** IP Build 1731160 on Wed Dec 14 23:47:21 MST 2016
    ** Copyright 1986-2016 Xilinx, Inc. All Rights Reserved.

source design_CPU_System_axi_gpio_2_0.tcl -notrace
Starting RTL Elaboration : Time (s): cpu = 00:00:07 ; elapsed = 00:00:12 . Memory (MB): peak = 307.227 ; gain = 96.906
INFO: [Synth 8-638] synthesizing module 'design_CPU_System_axi_gpio_2_0' [d:/Vivado/digital_circuits/Mini_System/Mini_System.srcs/sources_1/bd/design_CPU_System/ip/design_CPU_System_axi_gpio_2_0/synth/design_CPU_System_axi_gpio_2_0.vhd:89]
INFO: [Synth 8-638] synthesizing module 'axi_gpio' [d:/Vivado/digital_circuits/Mini_System/Mini_System.srcs/sources_1/bd/design_CPU_System/ipshared/4f16/hdl/axi_gpio_v2_0_vh_rfs.vhd:1091]
INFO: [Synth 8-638] synthesizing module 'axi_lite_ipif' [d:/Vivado/digital_circuits/Mini_System/Mini_System.srcs/sources_1/bd/design_CPU_System/ipshared/0ba0/hdl/axi_lite_ipif_v3_0_vh_rfs.vhd:2948]
INFO: [Synth 8-638] synthesizing module 'slave_attachment' [d:/Vivado/digital_circuits/Mini_System/Mini_System.srcs/sources_1/bd/design_CPU_System/ipshared/0ba0/hdl/axi_lite_ipif_v3_0_vh_rfs.vhd:2341]
INFO: [Synth 8-638] synthesizing module 'address_decoder' [d:/Vivado/digital_circuits/Mini_System/Mini_System.srcs/sources_1/bd/design_CPU_System/ipshared/0ba0/hdl/axi_lite_ipif_v3_0_vh_rfs.vhd:1775]
INFO: [Synth 8-638] synthesizing module 'pselect_f' [d:/Vivado/digital_circuits/Mini_System/Mini_System.srcs/sources_1/bd/design_CPU_System/ipshared/0ba0/hdl/axi_lite_ipif_v3_0_vh_rfs.vhd:1534]
INFO: [Synth 8-256] done synthesizing module 'pselect_f' (1#1) [d:/Vivado/digital_circuits/Mini_System/Mini_System.srcs/sources_1/bd/design_CPU_System/ipshared/0ba0/hdl/axi_lite_ipif_v3_0_vh_rfs.vhd:1534]
INFO: [Synth 8-638] synthesizing module 'pselect_f__parameterized0' [d:/Vivado/digital_circuits/Mini_System/Mini_System.srcs/sources_1/bd/design_CPU_System/ipshared/0ba0/hdl/axi_lite_ipif_v3_0_vh_rfs.vhd:1534]
INFO: [Synth 8-256] done synthesizing module 'pselect_f__parameterized0' (1#1) [d:/Vivado/digital_circuits/Mini_System/Mini_System.srcs/sources_1/bd/design_CPU_System/ipshared/0ba0/hdl/axi_lite_ipif_v3_0_vh_rfs.vhd:1534]
INFO: [Synth 8-638] synthesizing module 'pselect_f__parameterized1' [d:/Vivado/digital_circuits/Mini_System/Mini_System.srcs/sources_1/bd/design_CPU_System/ipshared/0ba0/hdl/axi_lite_ipif_v3_0_vh_rfs.vhd:1534]
INFO: [Synth 8-256] done synthesizing module 'pselect_f__parameterized1' (1#1) [d:/Vivado/digital_circuits/Mini_System/Mini_System.srcs/sources_1/bd/design_CPU_System/ipshared/0ba0/hdl/axi_lite_ipif_v3_0_vh_rfs.vhd:1534]
INFO: [Synth 8-638] synthesizing module 'pselect_f__parameterized2' [d:/Vivado/digital_circuits/Mini_System/Mini_System.srcs/sources_1/bd/design_CPU_System/ipshared/0ba0/hdl/axi_lite_ipif_v3_0_vh_rfs.vhd:1534]
INFO: [Synth 8-256] done synthesizing module 'pselect_f__parameterized2' (1#1) [d:/Vivado/digital_circuits/Mini_System/Mini_System.srcs/sources_1/bd/design_CPU_System/ipshared/0ba0/hdl/axi_lite_ipif_v3_0_vh_rfs.vhd:1534]
INFO: [Synth 8-256] done synthesizing module 'address_decoder' (2#1) [d:/Vivado/digital_circuits/Mini_System/Mini_System.srcs/sources_1/bd/design_CPU_System/ipshared/0ba0/hdl/axi_lite_ipif_v3_0_vh_rfs.vhd:1775]
INFO: [Synth 8-256] done synthesizing module 'slave_attachment' (3#1) [d:/Vivado/digital_circuits/Mini_System/Mini_System.srcs/sources_1/bd/design_CPU_System/ipshared/0ba0/hdl/axi_lite_ipif_v3_0_vh_rfs.vhd:2341]
INFO: [Synth 8-256] done synthesizing module 'axi_lite_ipif' (4#1) [d:/Vivado/digital_circuits/Mini_System/Mini_System.srcs/sources_1/bd/design_CPU_System/ipshared/0ba0/hdl/axi_lite_ipif_v3_0_vh_rfs.vhd:2948]
INFO: [Synth 8-638] synthesizing module 'GPIO_Core' [d:/Vivado/digital_circuits/Mini_System/Mini_System.srcs/sources_1/bd/design_CPU_System/ipshared/4f16/hdl/axi_gpio_v2_0_vh_rfs.vhd:173]
INFO: [Synth 8-638] synthesizing module 'cdc_sync' [d:/Vivado/digital_circuits/Mini_System/Mini_System.srcs/sources_1/bd/design_CPU_System/ipshared/52cb/hdl/lib_cdc_v1_0_rfs.vhd:106]
INFO: [Synth 8-256] done synthesizing module 'cdc_sync' (5#1) [d:/Vivado/digital_circuits/Mini_System/Mini_System.srcs/sources_1/bd/design_CPU_System/ipshared/52cb/hdl/lib_cdc_v1_0_rfs.vhd:106]
INFO: [Synth 8-256] done synthesizing module 'GPIO_Core' (6#1) [d:/Vivado/digital_circuits/Mini_System/Mini_System.srcs/sources_1/bd/design_CPU_System/ipshared/4f16/hdl/axi_gpio_v2_0_vh_rfs.vhd:173]
INFO: [Synth 8-256] done synthesizing module 'axi_gpio' (7#1) [d:/Vivado/digital_circuits/Mini_System/Mini_System.srcs/sources_1/bd/design_CPU_System/ipshared/4f16/hdl/axi_gpio_v2_0_vh_rfs.vhd:1091]
INFO: [Synth 8-256] done synthesizing module 'design_CPU_System_axi_gpio_2_0' (8#1) [d:/Vivado/digital_circuits/Mini_System/Mini_System.srcs/sources_1/bd/design_CPU_System/ip/design_CPU_System_axi_gpio_2_0/synth/design_CPU_System_axi_gpio_2_0.vhd:89]
Finished RTL Elaboration : Time (s): cpu = 00:00:09 ; elapsed = 00:00:13 . Memory (MB): peak = 346.551 ; gain = 136.230
Finished RTL Optimization Phase 1 : Time (s): cpu = 00:00:09 ; elapsed = 00:00:14 . Memory (MB): peak = 346.551 ; gain = 136.230
INFO: [Device 21-403] Loading part xc7a100tcsg324-1
Constraint Validation Runtime : Time (s): cpu = 00:00:00 ; elapsed = 00:00:00.038 . Memory (MB): peak = 653.898 ; gain = 0.078
Finished Constraint Validation : Time (s): cpu = 00:00:20 ; elapsed = 00:00:25 . Memory (MB): peak = 653.898 ; gain = 443.578
Finished Loading Part and Timing Information : Time (s): cpu = 00:00:20 ; elapsed = 00:00:25 . Memory (MB): peak = 653.898 ; gain = 443.578
Finished applying 'set_property' XDC Constraints : Time (s): cpu = 00:00:20 ; elapsed = 00:00:25 . Memory (MB): peak = 653.898 ; gain = 443.578
Finished RTL Optimization Phase 2 : Time (s): cpu = 00:00:20 ; elapsed = 00:00:26 . Memory (MB): peak = 653.898 ; gain = 443.578
Finished Cross Boundary and Area Optimization : Time (s): cpu = 00:00:21 ; elapsed = 00:00:27 . Memory (MB): peak = 653.898 ; gain = 443.578
Finished Applying XDC Timing Constraints : Time (s): cpu = 00:00:33 ; elapsed = 00:00:39 . Memory (MB): peak = 653.898 ; gain = 443.578
Finished Timing Optimization : Time (s): cpu = 00:00:33 ; elapsed = 00:00:39 . Memory (MB): peak = 653.898 ; gain = 443.578
Finished Technology Mapping : Time (s): cpu = 00:00:33 ; elapsed = 00:00:39 . Memory (MB): peak = 653.898 ; gain = 443.578
Finished IO Insertion : Time (s): cpu = 00:00:34 ; elapsed = 00:00:40 . Memory (MB): peak = 653.898 ; gain = 443.578
Finished Renaming Generated Instances : Time (s): cpu = 00:00:34 ; elapsed = 00:00:40 . Memory (MB): peak = 653.898 ; gain = 443.578
Finished Rebuilding User Hierarchy : Time (s): cpu = 00:00:34 ; elapsed = 00:00:40 . Memory (MB): peak = 653.898 ; gain = 443.578
Finished Renaming Generated Ports : Time (s): cpu = 00:00:34 ; elapsed = 00:00:40 . Memory (MB): peak = 653.898 ; gain = 443.578
Finished Handling Custom Attributes : Time (s): cpu = 00:00:34 ; elapsed = 00:00:40 . Memory (MB): peak = 653.898 ; gain = 443.578
Finished Renaming Generated Nets : Time (s): cpu = 00:00:34 ; elapsed = 00:00:40 . Memory (MB): peak = 653.898 ; gain = 443.578

Report Cell Usage: 
+------+-----+------+
|      |Cell |Count |
+------+-----+------+
|1     |LUT1 |     2|
|2     |LUT2 |     6|
|3     |LUT3 |     3|
|4     |LUT4 |     3|
|5     |LUT5 |     9|
|6     |LUT6 |    33|
|7     |FDR  |    64|
|8     |FDRE |    85|
|9     |FDSE |    16|
+------+-----+------+
Finished Writing Synthesis Report : Time (s): cpu = 00:00:34 ; elapsed = 00:00:40 . Memory (MB): peak = 653.898 ; gain = 443.578
synth_design: Time (s): cpu = 00:00:32 ; elapsed = 00:00:34 . Memory (MB): peak = 653.898 ; gain = 430.891
