
*** Running vivado
    with args -log design_CPU_System_mdm_1_0.vds -m64 -product Vivado -mode batch -messageDb vivado.pb -notrace -source design_CPU_System_mdm_1_0.tcl


****** Vivado v2016.4 (64-bit)
  **** SW Build 1733598 on Wed Dec 14 22:35:39 MST 2016
  **** IP Build 1731160 on Wed Dec 14 23:47:21 MST 2016
    ** Copyright 1986-2016 Xilinx, Inc. All Rights Reserved.

source design_CPU_System_mdm_1_0.tcl -notrace
Starting RTL Elaboration : Time (s): cpu = 00:00:08 ; elapsed = 00:00:12 . Memory (MB): peak = 309.402 ; gain = 99.199
INFO: [Synth 8-638] synthesizing module 'design_CPU_System_mdm_1_0' [d:/Vivado/digital_circuits/Mini_System/Mini_System.srcs/sources_1/bd/design_CPU_System/ip/design_CPU_System_mdm_1_0/synth/design_CPU_System_mdm_1_0.vhd:74]
INFO: [Synth 8-638] synthesizing module 'MDM' [d:/Vivado/digital_circuits/Mini_System/Mini_System.srcs/sources_1/bd/design_CPU_System/ipshared/71de/hdl/mdm_v3_2_vh_rfs.vhd:13311]
INFO: [Synth 8-638] synthesizing module 'MB_BSCANE2' [d:/Vivado/digital_circuits/Mini_System/Mini_System.srcs/sources_1/bd/design_CPU_System/ipshared/71de/hdl/mdm_v3_2_vh_rfs.vhd:277]
INFO: [Synth 8-256] done synthesizing module 'MB_BSCANE2' (1#1) [d:/Vivado/digital_circuits/Mini_System/Mini_System.srcs/sources_1/bd/design_CPU_System/ipshared/71de/hdl/mdm_v3_2_vh_rfs.vhd:277]
INFO: [Synth 8-638] synthesizing module 'MB_BUFG' [d:/Vivado/digital_circuits/Mini_System/Mini_System.srcs/sources_1/bd/design_CPU_System/ipshared/71de/hdl/mdm_v3_2_vh_rfs.vhd:328]
INFO: [Synth 8-256] done synthesizing module 'MB_BUFG' (2#1) [d:/Vivado/digital_circuits/Mini_System/Mini_System.srcs/sources_1/bd/design_CPU_System/ipshared/71de/hdl/mdm_v3_2_vh_rfs.vhd:328]
INFO: [Synth 8-638] synthesizing module 'MDM_Core' [d:/Vivado/digital_circuits/Mini_System/Mini_System.srcs/sources_1/bd/design_CPU_System/ipshared/71de/hdl/mdm_v3_2_vh_rfs.vhd:6525]
INFO: [Synth 8-638] synthesizing module 'JTAG_CONTROL' [d:/Vivado/digital_circuits/Mini_System/Mini_System.srcs/sources_1/bd/design_CPU_System/ipshared/71de/hdl/mdm_v3_2_vh_rfs.vhd:3101]
INFO: [Synth 8-638] synthesizing module 'MB_FDC_1' [d:/Vivado/digital_circuits/Mini_System/Mini_System.srcs/sources_1/bd/design_CPU_System/ipshared/71de/hdl/mdm_v3_2_vh_rfs.vhd:630]
INFO: [Synth 8-256] done synthesizing module 'MB_FDC_1' (3#1) [d:/Vivado/digital_circuits/Mini_System/Mini_System.srcs/sources_1/bd/design_CPU_System/ipshared/71de/hdl/mdm_v3_2_vh_rfs.vhd:630]
INFO: [Synth 8-638] synthesizing module 'MB_FDRE_1' [d:/Vivado/digital_circuits/Mini_System/Mini_System.srcs/sources_1/bd/design_CPU_System/ipshared/71de/hdl/mdm_v3_2_vh_rfs.vhd:690]
INFO: [Synth 8-256] done synthesizing module 'MB_FDRE_1' (4#1) [d:/Vivado/digital_circuits/Mini_System/Mini_System.srcs/sources_1/bd/design_CPU_System/ipshared/71de/hdl/mdm_v3_2_vh_rfs.vhd:690]
INFO: [Synth 8-638] synthesizing module 'MB_SRL16E' [d:/Vivado/digital_circuits/Mini_System/Mini_System.srcs/sources_1/bd/design_CPU_System/ipshared/71de/hdl/mdm_v3_2_vh_rfs.vhd:758]
INFO: [Synth 8-256] done synthesizing module 'MB_SRL16E' (5#1) [d:/Vivado/digital_circuits/Mini_System/Mini_System.srcs/sources_1/bd/design_CPU_System/ipshared/71de/hdl/mdm_v3_2_vh_rfs.vhd:758]
INFO: [Synth 8-638] synthesizing module 'MB_SRL16E__parameterized1' [d:/Vivado/digital_circuits/Mini_System/Mini_System.srcs/sources_1/bd/design_CPU_System/ipshared/71de/hdl/mdm_v3_2_vh_rfs.vhd:758]
INFO: [Synth 8-256] done synthesizing module 'MB_SRL16E__parameterized1' (5#1) [d:/Vivado/digital_circuits/Mini_System/Mini_System.srcs/sources_1/bd/design_CPU_System/ipshared/71de/hdl/mdm_v3_2_vh_rfs.vhd:758]
INFO: [Synth 8-638] synthesizing module 'MB_SRL16E__parameterized3' [d:/Vivado/digital_circuits/Mini_System/Mini_System.srcs/sources_1/bd/design_CPU_System/ipshared/71de/hdl/mdm_v3_2_vh_rfs.vhd:758]
INFO: [Synth 8-256] done synthesizing module 'MB_SRL16E__parameterized3' (5#1) [d:/Vivado/digital_circuits/Mini_System/Mini_System.srcs/sources_1/bd/design_CPU_System/ipshared/71de/hdl/mdm_v3_2_vh_rfs.vhd:758]
INFO: [Synth 8-638] synthesizing module 'MB_SRL16E__parameterized5' [d:/Vivado/digital_circuits/Mini_System/Mini_System.srcs/sources_1/bd/design_CPU_System/ipshared/71de/hdl/mdm_v3_2_vh_rfs.vhd:758]
INFO: [Synth 8-256] done synthesizing module 'MB_SRL16E__parameterized5' (5#1) [d:/Vivado/digital_circuits/Mini_System/Mini_System.srcs/sources_1/bd/design_CPU_System/ipshared/71de/hdl/mdm_v3_2_vh_rfs.vhd:758]
INFO: [Synth 8-256] done synthesizing module 'JTAG_CONTROL' (6#1) [d:/Vivado/digital_circuits/Mini_System/Mini_System.srcs/sources_1/bd/design_CPU_System/ipshared/71de/hdl/mdm_v3_2_vh_rfs.vhd:3101]
INFO: [Synth 8-256] done synthesizing module 'MDM_Core' (7#1) [d:/Vivado/digital_circuits/Mini_System/Mini_System.srcs/sources_1/bd/design_CPU_System/ipshared/71de/hdl/mdm_v3_2_vh_rfs.vhd:6525]
INFO: [Synth 8-256] done synthesizing module 'MDM' (8#1) [d:/Vivado/digital_circuits/Mini_System/Mini_System.srcs/sources_1/bd/design_CPU_System/ipshared/71de/hdl/mdm_v3_2_vh_rfs.vhd:13311]
INFO: [Synth 8-256] done synthesizing module 'design_CPU_System_mdm_1_0' (9#1) [d:/Vivado/digital_circuits/Mini_System/Mini_System.srcs/sources_1/bd/design_CPU_System/ip/design_CPU_System_mdm_1_0/synth/design_CPU_System_mdm_1_0.vhd:74]
Finished RTL Elaboration : Time (s): cpu = 00:00:12 ; elapsed = 00:00:17 . Memory (MB): peak = 356.316 ; gain = 146.113
Finished RTL Optimization Phase 1 : Time (s): cpu = 00:00:12 ; elapsed = 00:00:17 . Memory (MB): peak = 356.316 ; gain = 146.113
INFO: [Device 21-403] Loading part xc7a100tcsg324-1
Constraint Validation Runtime : Time (s): cpu = 00:00:00 ; elapsed = 00:00:00.020 . Memory (MB): peak = 663.414 ; gain = 0.000
Finished Constraint Validation : Time (s): cpu = 00:00:26 ; elapsed = 00:00:31 . Memory (MB): peak = 663.414 ; gain = 453.211
Finished Loading Part and Timing Information : Time (s): cpu = 00:00:26 ; elapsed = 00:00:31 . Memory (MB): peak = 663.414 ; gain = 453.211
Finished applying 'set_property' XDC Constraints : Time (s): cpu = 00:00:26 ; elapsed = 00:00:31 . Memory (MB): peak = 663.414 ; gain = 453.211
Finished RTL Optimization Phase 2 : Time (s): cpu = 00:00:27 ; elapsed = 00:00:32 . Memory (MB): peak = 663.414 ; gain = 453.211
Finished Cross Boundary and Area Optimization : Time (s): cpu = 00:00:28 ; elapsed = 00:00:34 . Memory (MB): peak = 663.414 ; gain = 453.211
Finished Applying XDC Timing Constraints : Time (s): cpu = 00:00:41 ; elapsed = 00:00:46 . Memory (MB): peak = 663.414 ; gain = 453.211
Finished Timing Optimization : Time (s): cpu = 00:00:41 ; elapsed = 00:00:47 . Memory (MB): peak = 663.414 ; gain = 453.211
Finished Technology Mapping : Time (s): cpu = 00:00:42 ; elapsed = 00:00:47 . Memory (MB): peak = 663.414 ; gain = 453.211
Finished IO Insertion : Time (s): cpu = 00:00:42 ; elapsed = 00:00:47 . Memory (MB): peak = 663.414 ; gain = 453.211
Finished Renaming Generated Instances : Time (s): cpu = 00:00:42 ; elapsed = 00:00:47 . Memory (MB): peak = 663.414 ; gain = 453.211
Finished Rebuilding User Hierarchy : Time (s): cpu = 00:00:42 ; elapsed = 00:00:47 . Memory (MB): peak = 663.414 ; gain = 453.211
Finished Renaming Generated Ports : Time (s): cpu = 00:00:42 ; elapsed = 00:00:47 . Memory (MB): peak = 663.414 ; gain = 453.211
Finished Handling Custom Attributes : Time (s): cpu = 00:00:42 ; elapsed = 00:00:47 . Memory (MB): peak = 663.414 ; gain = 453.211
Finished Renaming Generated Nets : Time (s): cpu = 00:00:42 ; elapsed = 00:00:47 . Memory (MB): peak = 663.414 ; gain = 453.211

Report Cell Usage: 
+------+--------+------+
|      |Cell    |Count |
+------+--------+------+
|1     |BSCANE2 |     1|
|2     |BUFG    |     1|
|3     |LUT1    |     3|
|4     |LUT2    |    14|
|5     |LUT3    |    29|
|6     |LUT4    |    13|
|7     |LUT5    |    16|
|8     |LUT6    |    34|
|9     |SRL16E  |     7|
|10    |FDCE    |   100|
|11    |FDC_1   |     1|
|12    |FDPE    |     7|
|13    |FDRE    |     3|
|14    |FDRE_1  |     1|
+------+--------+------+
Finished Writing Synthesis Report : Time (s): cpu = 00:00:42 ; elapsed = 00:00:47 . Memory (MB): peak = 663.414 ; gain = 453.211
synth_design: Time (s): cpu = 00:00:42 ; elapsed = 00:00:44 . Memory (MB): peak = 1094.813 ; gain = 863.141
